<?xml version="1.0" encoding="UTF-8"?>
<!-- Generated by org.testng.reporters.JUnitReportReporter -->
<testsuite hostname="Users-MacBook-Air.local" failures="0" tests="1" name="com.AutomationExperience.testCases.LoginTest_001" time="44.719" errors="0" timestamp="2022-03-30T22:56:39 WIB" skipped="0">
  <testcase classname="com.AutomationExperience.testCases.LoginTest_001" name="login_01" time="44.719"/>
  <system-out/>
</testsuite> <!-- com.AutomationExperience.testCases.LoginTest_001 -->
